2025-06-04 22:19:28.655 [info] [principal] Nível de log: Info
2025-06-04 22:19:28.655 [info] [principal] Validando o git encontrado em: "C:\Program Files\Git\cmd\git.exe"
2025-06-04 22:19:28.655 [info] [principal] Usando git "2.49.0.windows.1" de "C:\Program Files\Git\cmd\git.exe"
2025-06-04 22:19:28.655 [info] [Model][doInitialScan] Initial repository scan started
2025-06-04 22:19:28.655 [info] > git rev-parse --show-toplevel [937ms]
2025-06-04 22:19:29.024 [info] > git rev-parse --git-dir --git-common-dir [358ms]
2025-06-04 22:19:29.056 [info] [Model][openRepository] Opened repository (path): d:\Novo Projeto - Pizzaria Bella Pizza
2025-06-04 22:19:29.056 [info] [Model][openRepository] Opened repository (real path): d:\Novo Projeto - Pizzaria Bella Pizza
2025-06-04 22:19:29.854 [info] > git for-each-ref --format=%(refname)%00%(upstream:short)%00%(objectname)%00%(upstream:track)%00%(upstream:remotename)%00%(upstream:remoteref) --ignore-case refs/heads/main refs/remotes/main [708ms]
2025-06-04 22:19:29.854 [info] > git rev-parse --show-toplevel [768ms]
2025-06-04 22:19:29.857 [info] [Model][doInitialScan] Initial repository scan completed - repositories (1), closed repositories (0), parent repositories (0), unsafe repositories (0)
2025-06-04 22:19:29.859 [info] > git config --get commit.template [783ms]
2025-06-04 22:19:30.193 [info] > git check-ignore -v -z --stdin [383ms]
2025-06-04 22:19:30.199 [info] > git show --textconv :login.html [218ms]
2025-06-04 22:19:30.207 [info] > git ls-files --stage -- login.html [214ms]
2025-06-04 22:19:30.249 [info] > git fetch [1194ms]
2025-06-04 22:19:30.251 [info] > git for-each-ref --sort -committerdate --format %(refname)%00%(objectname)%00%(*objectname) [3ms] (cancelled)
2025-06-04 22:19:30.334 [info] > git status -z -uall [99ms] (cancelled)
2025-06-04 22:19:30.452 [info] > git cat-file -s 0ee6af204846da512d555fb727823274abc78440 [233ms]
2025-06-04 22:19:30.617 [info] > git for-each-ref --format=%(refname)%00%(upstream:short)%00%(objectname)%00%(upstream:track)%00%(upstream:remotename)%00%(upstream:remoteref) --ignore-case refs/heads/main refs/remotes/main [345ms]
2025-06-04 22:19:30.826 [info] > git config --get commit.template [494ms]
2025-06-04 22:19:30.827 [info] > git config --get commit.template [516ms]
2025-06-04 22:19:30.990 [info] > git for-each-ref --format=%(refname)%00%(upstream:short)%00%(objectname)%00%(upstream:track)%00%(upstream:remotename)%00%(upstream:remoteref) --ignore-case refs/heads/main refs/remotes/main [571ms]
2025-06-04 22:19:31.106 [info] > git config --get --local branch.main.vscode-merge-base [466ms]
2025-06-04 22:19:31.118 [info] > git for-each-ref --format=%(refname)%00%(upstream:short)%00%(objectname)%00%(upstream:track)%00%(upstream:remotename)%00%(upstream:remoteref) --ignore-case refs/heads/main refs/remotes/main [689ms]
2025-06-04 22:19:31.271 [info] > git for-each-ref --format=%(refname)%00%(upstream:short)%00%(objectname)%00%(upstream:track)%00%(upstream:remotename)%00%(upstream:remoteref) --ignore-case refs/heads/main refs/remotes/main [170ms]
2025-06-04 22:19:31.305 [info] > git for-each-ref --format=%(refname)%00%(upstream:short)%00%(objectname)%00%(upstream:track)%00%(upstream:remotename)%00%(upstream:remoteref) --ignore-case refs/heads/origin/main refs/remotes/origin/main [188ms]
2025-06-04 22:19:31.330 [info] > git for-each-ref --sort -committerdate --format %(refname)%00%(objectname)%00%(*objectname) [183ms]
2025-06-04 22:19:31.332 [info] > git status -z -uall [197ms]
2025-06-04 22:19:31.570 [info] > git config --get --local branch.main.vscode-merge-base [281ms]
2025-06-04 22:19:31.747 [info] > git merge-base refs/heads/main refs/remotes/origin/main [429ms]
2025-06-04 22:19:31.785 [info] > git ls-files --stage -- login.html [374ms]
2025-06-04 22:19:31.804 [info] > git config --get commit.template [426ms]
2025-06-04 22:19:31.828 [info] > git merge-base refs/heads/main refs/remotes/origin/main [472ms]
2025-06-04 22:19:31.840 [info] > git for-each-ref --format=%(refname)%00%(upstream:short)%00%(objectname)%00%(upstream:track)%00%(upstream:remotename)%00%(upstream:remoteref) --ignore-case refs/heads/main refs/remotes/main [445ms]
2025-06-04 22:19:31.915 [info] > git for-each-ref --format=%(refname)%00%(upstream:short)%00%(objectname)%00%(upstream:track)%00%(upstream:remotename)%00%(upstream:remoteref) --ignore-case refs/heads/origin/main refs/remotes/origin/main [333ms]
2025-06-04 22:19:32.068 [info] > git diff --name-status -z --diff-filter=ADMR 99f3022f46615938ca94e85d6a6e43c77ed27c98...refs/remotes/origin/main [310ms]
2025-06-04 22:19:32.096 [info] > git cat-file -s 0ee6af204846da512d555fb727823274abc78440 [296ms]
2025-06-04 22:19:32.184 [info] > git show --textconv HEAD:login.html [357ms]
2025-06-04 22:19:32.214 [info] > git ls-tree -l HEAD -- login.html [347ms]
2025-06-04 22:19:32.215 [info] > git merge-base refs/heads/main refs/remotes/origin/main [289ms]
2025-06-04 22:19:32.228 [info] > git diff --name-status -z --diff-filter=ADMR 99f3022f46615938ca94e85d6a6e43c77ed27c98...refs/remotes/origin/main [388ms]
2025-06-04 22:19:32.241 [info] > git for-each-ref --sort -committerdate --format %(refname)%00%(objectname)%00%(*objectname) [346ms]
2025-06-04 22:19:32.259 [info] > git status -z -uall [374ms]
2025-06-04 22:19:32.421 [info] > git show --textconv :login.html [314ms]
2025-06-04 22:19:32.449 [info] > git diff --name-status -z --diff-filter=ADMR 99f3022f46615938ca94e85d6a6e43c77ed27c98...refs/remotes/origin/main [221ms]
2025-06-04 22:19:36.879 [info] > git log --format=%H%n%aN%n%aE%n%at%n%ct%n%P%n%D%n%B -z --shortstat --diff-merges=first-parent -n50 --skip=0 --topo-order --decorate=full --stdin [629ms]
2025-06-04 22:19:37.043 [info] > git check-ignore -v -z --stdin [136ms]
2025-06-04 22:20:14.810 [info] > git branch [75ms]
2025-06-04 22:20:14.946 [info] > git reset -q HEAD -- usuario.html [126ms]
2025-06-04 22:20:15.077 [info] > git config --get commit.template [121ms]
2025-06-04 22:20:15.094 [info] > git for-each-ref --format=%(refname)%00%(upstream:short)%00%(objectname)%00%(upstream:track)%00%(upstream:remotename)%00%(upstream:remoteref) --ignore-case refs/heads/main refs/remotes/main [127ms]
2025-06-04 22:20:15.305 [info] > git status -z -uall [196ms]
2025-06-04 22:20:15.321 [info] > git for-each-ref --sort -committerdate --format %(refname)%00%(objectname)%00%(*objectname) [199ms]
2025-06-04 22:20:16.328 [info] > git ls-files --stage -- login.html [88ms]
2025-06-04 22:20:16.340 [info] > git ls-tree -l HEAD -- login.html [90ms]
2025-06-04 22:20:16.435 [info] > git cat-file -s 0ee6af204846da512d555fb727823274abc78440 [97ms]
2025-06-04 22:20:16.450 [info] > git show --textconv HEAD:login.html [97ms]
2025-06-04 22:20:16.520 [info] > git show --textconv :login.html [73ms]
2025-06-04 22:20:17.745 [info] > git branch [73ms]
2025-06-04 22:20:17.875 [info] > git reset -q HEAD -- usuario.js [120ms]
2025-06-04 22:20:17.975 [info] > git config --get commit.template [90ms]
2025-06-04 22:20:17.989 [info] > git for-each-ref --format=%(refname)%00%(upstream:short)%00%(objectname)%00%(upstream:track)%00%(upstream:remotename)%00%(upstream:remoteref) --ignore-case refs/heads/main refs/remotes/main [95ms]
2025-06-04 22:20:18.172 [info] > git status -z -uall [172ms]
2025-06-04 22:20:18.190 [info] > git for-each-ref --sort -committerdate --format %(refname)%00%(objectname)%00%(*objectname) [177ms]
2025-06-04 22:20:19.226 [info] > git ls-files --stage -- login.html [86ms]
2025-06-04 22:20:19.249 [info] > git ls-tree -l HEAD -- login.html [99ms]
2025-06-04 22:20:19.342 [info] > git cat-file -s 0ee6af204846da512d555fb727823274abc78440 [104ms]
2025-06-04 22:20:19.362 [info] > git show --textconv HEAD:login.html [101ms]
2025-06-04 22:20:19.429 [info] > git show --textconv :login.html [73ms]
2025-06-04 22:20:19.743 [info] > git branch [82ms]
2025-06-04 22:20:19.872 [info] > git reset -q HEAD -- usuario.css [118ms]
2025-06-04 22:20:19.996 [info] > git config --get commit.template [113ms]
2025-06-04 22:20:20.009 [info] > git for-each-ref --format=%(refname)%00%(upstream:short)%00%(objectname)%00%(upstream:track)%00%(upstream:remotename)%00%(upstream:remoteref) --ignore-case refs/heads/main refs/remotes/main [116ms]
2025-06-04 22:20:20.296 [info] > git for-each-ref --sort -committerdate --format %(refname)%00%(objectname)%00%(*objectname) [255ms]
2025-06-04 22:20:20.300 [info] > git status -z -uall [274ms]
2025-06-04 22:20:21.259 [info] > git ls-files --stage -- login.html [93ms]
2025-06-04 22:20:21.271 [info] > git ls-tree -l HEAD -- login.html [94ms]
2025-06-04 22:20:21.367 [info] > git cat-file -s 0ee6af204846da512d555fb727823274abc78440 [98ms]
2025-06-04 22:20:21.384 [info] > git show --textconv HEAD:login.html [101ms]
2025-06-04 22:20:21.459 [info] > git show --textconv :login.html [79ms]
2025-06-04 22:20:22.270 [info] > git -c user.useConfigOnly=true commit --quiet --allow-empty-message --file - [226ms]
2025-06-04 22:20:22.270 [info] Author identity unknown

*** Please tell me who you are.

Run

  git config --global user.email "you@example.com"
  git config --global user.name "Your Name"

to set your account's default identity.
Omit --global to set the identity only in this repository.

fatal: no email was given and auto-detection is disabled
2025-06-04 22:20:22.415 [info] > git config --get-all user.name [127ms]
2025-06-04 22:20:22.591 [info] > git config --get commit.template [166ms]
2025-06-04 22:20:22.606 [info] > git for-each-ref --format=%(refname)%00%(upstream:short)%00%(objectname)%00%(upstream:track)%00%(upstream:remotename)%00%(upstream:remoteref) --ignore-case refs/heads/main refs/remotes/main [169ms]
2025-06-04 22:20:22.728 [info] > git status -z -uall [111ms]
2025-06-04 22:20:22.736 [info] > git for-each-ref --sort -committerdate --format %(refname)%00%(objectname)%00%(*objectname) [107ms]
2025-06-04 22:20:27.740 [info] > git ls-files --stage -- login.html [315ms]
2025-06-04 22:20:27.777 [info] > git ls-tree -l HEAD -- login.html [334ms]
2025-06-04 22:20:27.913 [info] > git cat-file -s 0ee6af204846da512d555fb727823274abc78440 [138ms]
2025-06-04 22:20:28.057 [info] > git show --textconv HEAD:login.html [165ms]
2025-06-04 22:20:28.099 [info] > git show --textconv :login.html [134ms]
2025-06-04 22:21:25.999 [info] > git -c user.useConfigOnly=true commit --quiet --allow-empty-message --file - [179ms]
2025-06-04 22:21:26.000 [info] Author identity unknown

*** Please tell me who you are.

Run

  git config --global user.email "you@example.com"
  git config --global user.name "Your Name"

to set your account's default identity.
Omit --global to set the identity only in this repository.

fatal: no email was given and auto-detection is disabled
2025-06-04 22:21:26.107 [info] > git config --get-all user.name [93ms]
2025-06-04 22:21:26.236 [info] > git config --get commit.template [113ms]
2025-06-04 22:21:26.258 [info] > git for-each-ref --format=%(refname)%00%(upstream:short)%00%(objectname)%00%(upstream:track)%00%(upstream:remotename)%00%(upstream:remoteref) --ignore-case refs/heads/main refs/remotes/main [118ms]
2025-06-04 22:21:26.403 [info] > git for-each-ref --sort -committerdate --format %(refname)%00%(objectname)%00%(*objectname) [109ms]
2025-06-04 22:21:26.404 [info] > git status -z -uall [130ms]
2025-06-04 22:22:49.980 [info] > git fetch [839ms]
2025-06-04 22:22:50.240 [info] > git config --get commit.template [206ms]
2025-06-04 22:22:50.264 [info] > git for-each-ref --format=%(refname)%00%(upstream:short)%00%(objectname)%00%(upstream:track)%00%(upstream:remotename)%00%(upstream:remoteref) --ignore-case refs/heads/main refs/remotes/main [189ms]
2025-06-04 22:22:50.419 [info] > git status -z -uall [132ms]
2025-06-04 22:22:50.429 [info] > git for-each-ref --sort -committerdate --format %(refname)%00%(objectname)%00%(*objectname) [128ms]
2025-06-04 22:22:51.183 [info] > git ls-files --stage -- login.html [113ms]
2025-06-04 22:22:51.211 [info] > git ls-tree -l HEAD -- login.html [124ms]
2025-06-04 22:22:51.319 [info] > git cat-file -s 0ee6af204846da512d555fb727823274abc78440 [113ms]
2025-06-04 22:22:51.349 [info] > git show --textconv HEAD:login.html [121ms]
2025-06-04 22:22:51.433 [info] > git show --textconv :login.html [86ms]
2025-06-04 22:22:51.972 [info] > git diff-tree -r --name-status -z --diff-filter=ADMR --find-renames=50% dc7ba23f71adb1d812b36d7e02cdac89aac5ec5d 99f3022f46615938ca94e85d6a6e43c77ed27c98 [84ms]
2025-06-04 22:22:52.695 [info] > git show --textconv dc7ba23f71adb1d812b36d7e02cdac89aac5ec5d:index.html [607ms]
2025-06-04 22:22:52.695 [info] > git show --textconv dc7ba23f71adb1d812b36d7e02cdac89aac5ec5d:login.css [570ms]
2025-06-04 22:22:52.696 [info] > git show --textconv 99f3022f46615938ca94e85d6a6e43c77ed27c98:index.html [591ms]
2025-06-04 22:22:52.697 [info] > git show --textconv dc7ba23f71adb1d812b36d7e02cdac89aac5ec5d:style.css [460ms]
2025-06-04 22:22:52.697 [info] > git show --textconv dc7ba23f71adb1d812b36d7e02cdac89aac5ec5d:script.js [497ms]
2025-06-04 22:22:52.698 [info] > git show --textconv 99f3022f46615938ca94e85d6a6e43c77ed27c98:style.css [444ms]
2025-06-04 22:22:52.722 [info] > git show --textconv 99f3022f46615938ca94e85d6a6e43c77ed27c98:login.css [537ms]
2025-06-04 22:22:52.736 [info] > git show --textconv 99f3022f46615938ca94e85d6a6e43c77ed27c98:script.js [516ms]
2025-06-04 22:22:53.033 [info] > git ls-tree -l 99f3022f46615938ca94e85d6a6e43c77ed27c98 -- style.css [339ms]
2025-06-04 22:22:53.037 [info] > git ls-tree -l dc7ba23f71adb1d812b36d7e02cdac89aac5ec5d -- style.css [359ms]
2025-06-04 22:22:53.038 [info] > git ls-tree -l dc7ba23f71adb1d812b36d7e02cdac89aac5ec5d -- script.js [390ms]
2025-06-04 22:22:53.041 [info] > git ls-tree -l 99f3022f46615938ca94e85d6a6e43c77ed27c98 -- script.js [378ms]
2025-06-04 22:22:53.042 [info] > git ls-tree -l 99f3022f46615938ca94e85d6a6e43c77ed27c98 -- login.css [407ms]
2025-06-04 22:22:53.042 [info] > git ls-tree -l dc7ba23f71adb1d812b36d7e02cdac89aac5ec5d -- login.css [447ms]
2025-06-04 22:22:53.045 [info] > git ls-tree -l 99f3022f46615938ca94e85d6a6e43c77ed27c98 -- index.html [545ms]
2025-06-04 22:22:53.046 [info] > git ls-tree -l dc7ba23f71adb1d812b36d7e02cdac89aac5ec5d -- index.html [680ms]
2025-06-04 22:22:53.777 [info] > git check-ignore -v -z --stdin [256ms]
